<?xml version="1.0" encoding="UTF-8"?>
<testsuite xmlns:xsi="http://www.w3.org/2001/XMLSchema-instance" xsi:noNamespaceSchemaLocation="https://maven.apache.org/surefire/maven-surefire-plugin/xsd/surefire-test-report-3.0.xsd" version="3.0" name="apptests.CucumberRunnerTest" time="201.179" tests="3" errors="0" skipped="0" failures="0">
  <properties>
    <property name="java.specification.version" value="17"/>
    <property name="sun.jnu.encoding" value="UTF-8"/>
    <property name="java.class.path" value="/home/saraperez/IdeaProjects/appAutomation/target/test-classes:/home/saraperez/IdeaProjects/appAutomation/target/classes:/home/saraperez/.m2/repository/org/seleniumhq/selenium/selenium-java/4.31.0/selenium-java-4.31.0.jar:/home/saraperez/.m2/repository/org/seleniumhq/selenium/selenium-api/4.31.0/selenium-api-4.31.0.jar:/home/saraperez/.m2/repository/org/jspecify/jspecify/1.0.0/jspecify-1.0.0.jar:/home/saraperez/.m2/repository/org/seleniumhq/selenium/selenium-chrome-driver/4.31.0/selenium-chrome-driver-4.31.0.jar:/home/saraperez/.m2/repository/com/google/auto/service/auto-service-annotations/1.1.1/auto-service-annotations-1.1.1.jar:/home/saraperez/.m2/repository/org/seleniumhq/selenium/selenium-chromium-driver/4.31.0/selenium-chromium-driver-4.31.0.jar:/home/saraperez/.m2/repository/org/seleniumhq/selenium/selenium-json/4.31.0/selenium-json-4.31.0.jar:/home/saraperez/.m2/repository/org/seleniumhq/selenium/selenium-manager/4.31.0/selenium-manager-4.31.0.jar:/home/saraperez/.m2/repository/org/seleniumhq/selenium/selenium-devtools-v133/4.31.0/selenium-devtools-v133-4.31.0.jar:/home/saraperez/.m2/repository/org/seleniumhq/selenium/selenium-devtools-v134/4.31.0/selenium-devtools-v134-4.31.0.jar:/home/saraperez/.m2/repository/org/seleniumhq/selenium/selenium-devtools-v135/4.31.0/selenium-devtools-v135-4.31.0.jar:/home/saraperez/.m2/repository/org/seleniumhq/selenium/selenium-edge-driver/4.31.0/selenium-edge-driver-4.31.0.jar:/home/saraperez/.m2/repository/org/seleniumhq/selenium/selenium-firefox-driver/4.31.0/selenium-firefox-driver-4.31.0.jar:/home/saraperez/.m2/repository/org/seleniumhq/selenium/selenium-http/4.31.0/selenium-http-4.31.0.jar:/home/saraperez/.m2/repository/org/seleniumhq/selenium/selenium-ie-driver/4.31.0/selenium-ie-driver-4.31.0.jar:/home/saraperez/.m2/repository/org/seleniumhq/selenium/selenium-remote-driver/4.31.0/selenium-remote-driver-4.31.0.jar:/home/saraperez/.m2/repository/com/google/guava/guava/33.4.6-jre/guava-33.4.6-jre.jar:/home/saraperez/.m2/repository/com/google/guava/failureaccess/1.0.3/failureaccess-1.0.3.jar:/home/saraperez/.m2/repository/com/google/guava/listenablefuture/9999.0-empty-to-avoid-conflict-with-guava/listenablefuture-9999.0-empty-to-avoid-conflict-with-guava.jar:/home/saraperez/.m2/repository/com/google/j2objc/j2objc-annotations/3.0.0/j2objc-annotations-3.0.0.jar:/home/saraperez/.m2/repository/io/opentelemetry/opentelemetry-api/1.48.0/opentelemetry-api-1.48.0.jar:/home/saraperez/.m2/repository/io/opentelemetry/opentelemetry-context/1.48.0/opentelemetry-context-1.48.0.jar:/home/saraperez/.m2/repository/io/opentelemetry/opentelemetry-exporter-logging/1.48.0/opentelemetry-exporter-logging-1.48.0.jar:/home/saraperez/.m2/repository/io/opentelemetry/opentelemetry-sdk-common/1.48.0/opentelemetry-sdk-common-1.48.0.jar:/home/saraperez/.m2/repository/io/opentelemetry/opentelemetry-sdk-extension-autoconfigure-spi/1.48.0/opentelemetry-sdk-extension-autoconfigure-spi-1.48.0.jar:/home/saraperez/.m2/repository/io/opentelemetry/opentelemetry-sdk-extension-autoconfigure/1.48.0/opentelemetry-sdk-extension-autoconfigure-1.48.0.jar:/home/saraperez/.m2/repository/io/opentelemetry/opentelemetry-sdk-trace/1.48.0/opentelemetry-sdk-trace-1.48.0.jar:/home/saraperez/.m2/repository/io/opentelemetry/opentelemetry-sdk/1.48.0/opentelemetry-sdk-1.48.0.jar:/home/saraperez/.m2/repository/io/opentelemetry/opentelemetry-sdk-metrics/1.48.0/opentelemetry-sdk-metrics-1.48.0.jar:/home/saraperez/.m2/repository/io/opentelemetry/opentelemetry-sdk-logs/1.48.0/opentelemetry-sdk-logs-1.48.0.jar:/home/saraperez/.m2/repository/net/bytebuddy/byte-buddy/1.17.5/byte-buddy-1.17.5.jar:/home/saraperez/.m2/repository/org/seleniumhq/selenium/selenium-os/4.31.0/selenium-os-4.31.0.jar:/home/saraperez/.m2/repository/org/apache/commons/commons-exec/1.4.0/commons-exec-1.4.0.jar:/home/saraperez/.m2/repository/org/seleniumhq/selenium/selenium-safari-driver/4.31.0/selenium-safari-driver-4.31.0.jar:/home/saraperez/.m2/repository/org/seleniumhq/selenium/selenium-support/4.31.0/selenium-support-4.31.0.jar:/home/saraperez/.m2/repository/io/appium/java-client/9.4.0/java-client-9.4.0.jar:/home/saraperez/.m2/repository/com/google/code/gson/gson/2.11.0/gson-2.11.0.jar:/home/saraperez/.m2/repository/com/google/errorprone/error_prone_annotations/2.27.0/error_prone_annotations-2.27.0.jar:/home/saraperez/.m2/repository/org/slf4j/slf4j-api/2.0.16/slf4j-api-2.0.16.jar:/home/saraperez/.m2/repository/org/junit/jupiter/junit-jupiter/5.10.0/junit-jupiter-5.10.0.jar:/home/saraperez/.m2/repository/org/junit/jupiter/junit-jupiter-api/5.10.0/junit-jupiter-api-5.10.0.jar:/home/saraperez/.m2/repository/org/opentest4j/opentest4j/1.3.0/opentest4j-1.3.0.jar:/home/saraperez/.m2/repository/org/junit/jupiter/junit-jupiter-params/5.10.0/junit-jupiter-params-5.10.0.jar:/home/saraperez/.m2/repository/org/junit/jupiter/junit-jupiter-engine/5.10.0/junit-jupiter-engine-5.10.0.jar:/home/saraperez/.m2/repository/io/cucumber/cucumber-java/7.14.0/cucumber-java-7.14.0.jar:/home/saraperez/.m2/repository/io/cucumber/cucumber-core/7.14.0/cucumber-core-7.14.0.jar:/home/saraperez/.m2/repository/io/cucumber/cucumber-gherkin/7.14.0/cucumber-gherkin-7.14.0.jar:/home/saraperez/.m2/repository/io/cucumber/cucumber-gherkin-messages/7.14.0/cucumber-gherkin-messages-7.14.0.jar:/home/saraperez/.m2/repository/io/cucumber/gherkin/26.2.0/gherkin-26.2.0.jar:/home/saraperez/.m2/repository/io/cucumber/messages/22.0.0/messages-22.0.0.jar:/home/saraperez/.m2/repository/io/cucumber/tag-expressions/5.0.6/tag-expressions-5.0.6.jar:/home/saraperez/.m2/repository/io/cucumber/cucumber-expressions/16.1.2/cucumber-expressions-16.1.2.jar:/home/saraperez/.m2/repository/io/cucumber/datatable/7.14.0/datatable-7.14.0.jar:/home/saraperez/.m2/repository/io/cucumber/cucumber-plugin/7.14.0/cucumber-plugin-7.14.0.jar:/home/saraperez/.m2/repository/io/cucumber/docstring/7.14.0/docstring-7.14.0.jar:/home/saraperez/.m2/repository/io/cucumber/html-formatter/20.4.0/html-formatter-20.4.0.jar:/home/saraperez/.m2/repository/io/cucumber/junit-xml-formatter/0.2.0/junit-xml-formatter-0.2.0.jar:/home/saraperez/.m2/repository/io/cucumber/ci-environment/9.2.0/ci-environment-9.2.0.jar:/home/saraperez/.m2/repository/org/apiguardian/apiguardian-api/1.1.2/apiguardian-api-1.1.2.jar:/home/saraperez/.m2/repository/io/cucumber/cucumber-junit-platform-engine/7.14.0/cucumber-junit-platform-engine-7.14.0.jar:/home/saraperez/.m2/repository/org/junit/platform/junit-platform-engine/1.10.0/junit-platform-engine-1.10.0.jar:/home/saraperez/.m2/repository/org/junit/platform/junit-platform-suite-api/1.10.0/junit-platform-suite-api-1.10.0.jar:/home/saraperez/.m2/repository/org/junit/platform/junit-platform-commons/1.10.0/junit-platform-commons-1.10.0.jar:/home/saraperez/.m2/repository/org/junit/platform/junit-platform-suite/1.10.0/junit-platform-suite-1.10.0.jar:/home/saraperez/.m2/repository/org/junit/platform/junit-platform-suite-engine/1.10.0/junit-platform-suite-engine-1.10.0.jar:/home/saraperez/.m2/repository/org/junit/platform/junit-platform-suite-commons/1.10.0/junit-platform-suite-commons-1.10.0.jar:/home/saraperez/.m2/repository/org/junit/platform/junit-platform-launcher/1.10.0/junit-platform-launcher-1.10.0.jar:/home/saraperez/.m2/repository/io/github/cdimascio/dotenv-java/3.2.0/dotenv-java-3.2.0.jar:/home/saraperez/.m2/repository/com/github/javafaker/javafaker/1.0.2/javafaker-1.0.2.jar:/home/saraperez/.m2/repository/org/apache/commons/commons-lang3/3.5/commons-lang3-3.5.jar:/home/saraperez/.m2/repository/org/yaml/snakeyaml/1.23/snakeyaml-1.23-android.jar:/home/saraperez/.m2/repository/com/github/mifmif/generex/1.0.2/generex-1.0.2.jar:/home/saraperez/.m2/repository/dk/brics/automaton/automaton/1.11-8/automaton-1.11-8.jar:/home/saraperez/.m2/repository/com/browserstack/browserstack-java-sdk/1.32.13/browserstack-java-sdk-1.32.13.jar:/home/saraperez/.m2/repository/com/aventstack/extentreports/5.1.1/extentreports-5.1.1.jar:/home/saraperez/.m2/repository/io/reactivex/rxjava3/rxjava/3.1.6/rxjava-3.1.6.jar:/home/saraperez/.m2/repository/org/reactivestreams/reactive-streams/1.0.4/reactive-streams-1.0.4.jar:/home/saraperez/.m2/repository/org/freemarker/freemarker/2.3.32/freemarker-2.3.32.jar:/home/saraperez/.m2/repository/org/projectlombok/lombok/1.18.26/lombok-1.18.26.jar:/home/saraperez/.m2/repository/com/googlecode/json-simple/json-simple/1.1.1/json-simple-1.1.1.jar:/home/saraperez/.m2/repository/junit/junit/4.10/junit-4.10.jar:/home/saraperez/.m2/repository/org/hamcrest/hamcrest-core/1.1/hamcrest-core-1.1.jar:"/>
    <property name="java.vm.vendor" value="Ubuntu"/>
    <property name="sun.arch.data.model" value="64"/>
    <property name="java.vendor.url" value="https://ubuntu.com/"/>
    <property name="user.timezone" value="America/Guatemala"/>
    <property name="os.name" value="Linux"/>
    <property name="java.vm.specification.version" value="17"/>
    <property name="sun.java.launcher" value="SUN_STANDARD"/>
    <property name="user.country" value="GT"/>
    <property name="sun.boot.library.path" value="/usr/lib/jvm/java-17-openjdk-amd64/lib"/>
    <property name="sun.java.command" value="/home/saraperez/IdeaProjects/appAutomation/target/surefire/surefirebooter-20250625173526305_3.jar /home/saraperez/IdeaProjects/appAutomation/target/surefire 2025-06-25T17-35-26_142-jvmRun1 surefire-20250625173526305_1tmp surefire_0-20250625173526305_2tmp"/>
    <property name="jdk.debug" value="release"/>
    <property name="surefire.test.class.path" value="/home/saraperez/IdeaProjects/appAutomation/target/test-classes:/home/saraperez/IdeaProjects/appAutomation/target/classes:/home/saraperez/.m2/repository/org/seleniumhq/selenium/selenium-java/4.31.0/selenium-java-4.31.0.jar:/home/saraperez/.m2/repository/org/seleniumhq/selenium/selenium-api/4.31.0/selenium-api-4.31.0.jar:/home/saraperez/.m2/repository/org/jspecify/jspecify/1.0.0/jspecify-1.0.0.jar:/home/saraperez/.m2/repository/org/seleniumhq/selenium/selenium-chrome-driver/4.31.0/selenium-chrome-driver-4.31.0.jar:/home/saraperez/.m2/repository/com/google/auto/service/auto-service-annotations/1.1.1/auto-service-annotations-1.1.1.jar:/home/saraperez/.m2/repository/org/seleniumhq/selenium/selenium-chromium-driver/4.31.0/selenium-chromium-driver-4.31.0.jar:/home/saraperez/.m2/repository/org/seleniumhq/selenium/selenium-json/4.31.0/selenium-json-4.31.0.jar:/home/saraperez/.m2/repository/org/seleniumhq/selenium/selenium-manager/4.31.0/selenium-manager-4.31.0.jar:/home/saraperez/.m2/repository/org/seleniumhq/selenium/selenium-devtools-v133/4.31.0/selenium-devtools-v133-4.31.0.jar:/home/saraperez/.m2/repository/org/seleniumhq/selenium/selenium-devtools-v134/4.31.0/selenium-devtools-v134-4.31.0.jar:/home/saraperez/.m2/repository/org/seleniumhq/selenium/selenium-devtools-v135/4.31.0/selenium-devtools-v135-4.31.0.jar:/home/saraperez/.m2/repository/org/seleniumhq/selenium/selenium-edge-driver/4.31.0/selenium-edge-driver-4.31.0.jar:/home/saraperez/.m2/repository/org/seleniumhq/selenium/selenium-firefox-driver/4.31.0/selenium-firefox-driver-4.31.0.jar:/home/saraperez/.m2/repository/org/seleniumhq/selenium/selenium-http/4.31.0/selenium-http-4.31.0.jar:/home/saraperez/.m2/repository/org/seleniumhq/selenium/selenium-ie-driver/4.31.0/selenium-ie-driver-4.31.0.jar:/home/saraperez/.m2/repository/org/seleniumhq/selenium/selenium-remote-driver/4.31.0/selenium-remote-driver-4.31.0.jar:/home/saraperez/.m2/repository/com/google/guava/guava/33.4.6-jre/guava-33.4.6-jre.jar:/home/saraperez/.m2/repository/com/google/guava/failureaccess/1.0.3/failureaccess-1.0.3.jar:/home/saraperez/.m2/repository/com/google/guava/listenablefuture/9999.0-empty-to-avoid-conflict-with-guava/listenablefuture-9999.0-empty-to-avoid-conflict-with-guava.jar:/home/saraperez/.m2/repository/com/google/j2objc/j2objc-annotations/3.0.0/j2objc-annotations-3.0.0.jar:/home/saraperez/.m2/repository/io/opentelemetry/opentelemetry-api/1.48.0/opentelemetry-api-1.48.0.jar:/home/saraperez/.m2/repository/io/opentelemetry/opentelemetry-context/1.48.0/opentelemetry-context-1.48.0.jar:/home/saraperez/.m2/repository/io/opentelemetry/opentelemetry-exporter-logging/1.48.0/opentelemetry-exporter-logging-1.48.0.jar:/home/saraperez/.m2/repository/io/opentelemetry/opentelemetry-sdk-common/1.48.0/opentelemetry-sdk-common-1.48.0.jar:/home/saraperez/.m2/repository/io/opentelemetry/opentelemetry-sdk-extension-autoconfigure-spi/1.48.0/opentelemetry-sdk-extension-autoconfigure-spi-1.48.0.jar:/home/saraperez/.m2/repository/io/opentelemetry/opentelemetry-sdk-extension-autoconfigure/1.48.0/opentelemetry-sdk-extension-autoconfigure-1.48.0.jar:/home/saraperez/.m2/repository/io/opentelemetry/opentelemetry-sdk-trace/1.48.0/opentelemetry-sdk-trace-1.48.0.jar:/home/saraperez/.m2/repository/io/opentelemetry/opentelemetry-sdk/1.48.0/opentelemetry-sdk-1.48.0.jar:/home/saraperez/.m2/repository/io/opentelemetry/opentelemetry-sdk-metrics/1.48.0/opentelemetry-sdk-metrics-1.48.0.jar:/home/saraperez/.m2/repository/io/opentelemetry/opentelemetry-sdk-logs/1.48.0/opentelemetry-sdk-logs-1.48.0.jar:/home/saraperez/.m2/repository/net/bytebuddy/byte-buddy/1.17.5/byte-buddy-1.17.5.jar:/home/saraperez/.m2/repository/org/seleniumhq/selenium/selenium-os/4.31.0/selenium-os-4.31.0.jar:/home/saraperez/.m2/repository/org/apache/commons/commons-exec/1.4.0/commons-exec-1.4.0.jar:/home/saraperez/.m2/repository/org/seleniumhq/selenium/selenium-safari-driver/4.31.0/selenium-safari-driver-4.31.0.jar:/home/saraperez/.m2/repository/org/seleniumhq/selenium/selenium-support/4.31.0/selenium-support-4.31.0.jar:/home/saraperez/.m2/repository/io/appium/java-client/9.4.0/java-client-9.4.0.jar:/home/saraperez/.m2/repository/com/google/code/gson/gson/2.11.0/gson-2.11.0.jar:/home/saraperez/.m2/repository/com/google/errorprone/error_prone_annotations/2.27.0/error_prone_annotations-2.27.0.jar:/home/saraperez/.m2/repository/org/slf4j/slf4j-api/2.0.16/slf4j-api-2.0.16.jar:/home/saraperez/.m2/repository/org/junit/jupiter/junit-jupiter/5.10.0/junit-jupiter-5.10.0.jar:/home/saraperez/.m2/repository/org/junit/jupiter/junit-jupiter-api/5.10.0/junit-jupiter-api-5.10.0.jar:/home/saraperez/.m2/repository/org/opentest4j/opentest4j/1.3.0/opentest4j-1.3.0.jar:/home/saraperez/.m2/repository/org/junit/jupiter/junit-jupiter-params/5.10.0/junit-jupiter-params-5.10.0.jar:/home/saraperez/.m2/repository/org/junit/jupiter/junit-jupiter-engine/5.10.0/junit-jupiter-engine-5.10.0.jar:/home/saraperez/.m2/repository/io/cucumber/cucumber-java/7.14.0/cucumber-java-7.14.0.jar:/home/saraperez/.m2/repository/io/cucumber/cucumber-core/7.14.0/cucumber-core-7.14.0.jar:/home/saraperez/.m2/repository/io/cucumber/cucumber-gherkin/7.14.0/cucumber-gherkin-7.14.0.jar:/home/saraperez/.m2/repository/io/cucumber/cucumber-gherkin-messages/7.14.0/cucumber-gherkin-messages-7.14.0.jar:/home/saraperez/.m2/repository/io/cucumber/gherkin/26.2.0/gherkin-26.2.0.jar:/home/saraperez/.m2/repository/io/cucumber/messages/22.0.0/messages-22.0.0.jar:/home/saraperez/.m2/repository/io/cucumber/tag-expressions/5.0.6/tag-expressions-5.0.6.jar:/home/saraperez/.m2/repository/io/cucumber/cucumber-expressions/16.1.2/cucumber-expressions-16.1.2.jar:/home/saraperez/.m2/repository/io/cucumber/datatable/7.14.0/datatable-7.14.0.jar:/home/saraperez/.m2/repository/io/cucumber/cucumber-plugin/7.14.0/cucumber-plugin-7.14.0.jar:/home/saraperez/.m2/repository/io/cucumber/docstring/7.14.0/docstring-7.14.0.jar:/home/saraperez/.m2/repository/io/cucumber/html-formatter/20.4.0/html-formatter-20.4.0.jar:/home/saraperez/.m2/repository/io/cucumber/junit-xml-formatter/0.2.0/junit-xml-formatter-0.2.0.jar:/home/saraperez/.m2/repository/io/cucumber/ci-environment/9.2.0/ci-environment-9.2.0.jar:/home/saraperez/.m2/repository/org/apiguardian/apiguardian-api/1.1.2/apiguardian-api-1.1.2.jar:/home/saraperez/.m2/repository/io/cucumber/cucumber-junit-platform-engine/7.14.0/cucumber-junit-platform-engine-7.14.0.jar:/home/saraperez/.m2/repository/org/junit/platform/junit-platform-engine/1.10.0/junit-platform-engine-1.10.0.jar:/home/saraperez/.m2/repository/org/junit/platform/junit-platform-suite-api/1.10.0/junit-platform-suite-api-1.10.0.jar:/home/saraperez/.m2/repository/org/junit/platform/junit-platform-commons/1.10.0/junit-platform-commons-1.10.0.jar:/home/saraperez/.m2/repository/org/junit/platform/junit-platform-suite/1.10.0/junit-platform-suite-1.10.0.jar:/home/saraperez/.m2/repository/org/junit/platform/junit-platform-suite-engine/1.10.0/junit-platform-suite-engine-1.10.0.jar:/home/saraperez/.m2/repository/org/junit/platform/junit-platform-suite-commons/1.10.0/junit-platform-suite-commons-1.10.0.jar:/home/saraperez/.m2/repository/org/junit/platform/junit-platform-launcher/1.10.0/junit-platform-launcher-1.10.0.jar:/home/saraperez/.m2/repository/io/github/cdimascio/dotenv-java/3.2.0/dotenv-java-3.2.0.jar:/home/saraperez/.m2/repository/com/github/javafaker/javafaker/1.0.2/javafaker-1.0.2.jar:/home/saraperez/.m2/repository/org/apache/commons/commons-lang3/3.5/commons-lang3-3.5.jar:/home/saraperez/.m2/repository/org/yaml/snakeyaml/1.23/snakeyaml-1.23-android.jar:/home/saraperez/.m2/repository/com/github/mifmif/generex/1.0.2/generex-1.0.2.jar:/home/saraperez/.m2/repository/dk/brics/automaton/automaton/1.11-8/automaton-1.11-8.jar:/home/saraperez/.m2/repository/com/browserstack/browserstack-java-sdk/1.32.13/browserstack-java-sdk-1.32.13.jar:/home/saraperez/.m2/repository/com/aventstack/extentreports/5.1.1/extentreports-5.1.1.jar:/home/saraperez/.m2/repository/io/reactivex/rxjava3/rxjava/3.1.6/rxjava-3.1.6.jar:/home/saraperez/.m2/repository/org/reactivestreams/reactive-streams/1.0.4/reactive-streams-1.0.4.jar:/home/saraperez/.m2/repository/org/freemarker/freemarker/2.3.32/freemarker-2.3.32.jar:/home/saraperez/.m2/repository/org/projectlombok/lombok/1.18.26/lombok-1.18.26.jar:/home/saraperez/.m2/repository/com/googlecode/json-simple/json-simple/1.1.1/json-simple-1.1.1.jar:/home/saraperez/.m2/repository/junit/junit/4.10/junit-4.10.jar:/home/saraperez/.m2/repository/org/hamcrest/hamcrest-core/1.1/hamcrest-core-1.1.jar:"/>
    <property name="sun.cpu.endian" value="little"/>
    <property name="user.home" value="/home/saraperez"/>
    <property name="user.language" value="es"/>
    <property name="java.specification.vendor" value="Oracle Corporation"/>
    <property name="java.version.date" value="2025-04-15"/>
    <property name="java.home" value="/usr/lib/jvm/java-17-openjdk-amd64"/>
    <property name="file.separator" value="/"/>
    <property name="basedir" value="/home/saraperez/IdeaProjects/appAutomation"/>
    <property name="java.vm.compressedOopsMode" value="Zero based"/>
    <property name="line.separator" value="&#10;"/>
    <property name="java.vm.specification.vendor" value="Oracle Corporation"/>
    <property name="java.specification.name" value="Java Platform API Specification"/>
    <property name="CURRENT_SCENARIO" value="Successful signup with valid credentials"/>
    <property name="surefire.real.class.path" value="/home/saraperez/IdeaProjects/appAutomation/target/surefire/surefirebooter-20250625173526305_3.jar"/>
    <property name="sun.management.compiler" value="HotSpot 64-Bit Tiered Compilers"/>
    <property name="java.runtime.version" value="17.0.15+6-Ubuntu-0ubuntu122.04"/>
    <property name="user.name" value="saraperez"/>
    <property name="path.separator" value=":"/>
    <property name="os.version" value="6.8.0-60-generic"/>
    <property name="java.runtime.name" value="OpenJDK Runtime Environment"/>
    <property name="file.encoding" value="UTF-8"/>
    <property name="java.vm.name" value="OpenJDK 64-Bit Server VM"/>
    <property name="localRepository" value="/home/saraperez/.m2/repository"/>
    <property name="java.vendor.url.bug" value="https://bugs.launchpad.net/ubuntu/+source/openjdk-17"/>
    <property name="java.io.tmpdir" value="/tmp"/>
    <property name="java.version" value="17.0.15"/>
    <property name="user.dir" value="/home/saraperez/IdeaProjects/appAutomation"/>
    <property name="os.arch" value="amd64"/>
    <property name="java.vm.specification.name" value="Java Virtual Machine Specification"/>
    <property name="native.encoding" value="UTF-8"/>
    <property name="java.library.path" value="/usr/java/packages/lib:/usr/lib/x86_64-linux-gnu/jni:/lib/x86_64-linux-gnu:/usr/lib/x86_64-linux-gnu:/usr/lib/jni:/lib:/usr/lib"/>
    <property name="java.vm.info" value="mixed mode, sharing"/>
    <property name="java.vendor" value="Ubuntu"/>
    <property name="java.vm.version" value="17.0.15+6-Ubuntu-0ubuntu122.04"/>
    <property name="java.specification.maintenance.version" value="1"/>
    <property name="sun.io.unicode.encoding" value="UnicodeLittle"/>
    <property name="java.class.version" value="61.0"/>
  </properties>
  <testcase name="Log in and add a new beneficiary with unique data" classname="Add Beneficiary" time="86.116">
    <system-out><![CDATA[
Scenario: Log in and add a new beneficiary with unique data       &amp#27;[90m# features/AddBeneficiary.feature:5&amp#27;[0m
  &amp#27;[32mAnd &amp#27;[0m&amp#27;[32mlocation permission is granted&amp#27;[0m                              &amp#27;[90m# apptests.AddBeneficiarySteps.location_permission_is_granted()&amp#27;[0m
  &amp#27;[32mGiven &amp#27;[0m&amp#27;[32mthe user is logged in and starts the Add Beneficiary flow&amp#27;[0m &amp#27;[90m# apptests.AddBeneficiarySteps.the_user_is_logged_in_and_starts_the_flow()&amp#27;[0m
  &amp#27;[32mWhen &amp#27;[0m&amp#27;[32mthe user fills in the beneficiary form&amp#27;[0m                     &amp#27;[90m# apptests.AddBeneficiarySteps.the_user_fills_in_the_form()&amp#27;[0m
--- Driver session closed ---
]]></system-out>
  </testcase>
  <testcase name="User logs in with valid credentials" classname="Login" time="56.282">
    <system-out><![CDATA[
Scenario: User logs in with valid credentials &amp#27;[90m# features/Login.feature:6&amp#27;[0m
  &amp#27;[32mAnd &amp#27;[0m&amp#27;[32mlocation permission is granted&amp#27;[0m          &amp#27;[90m# apptests.AddBeneficiarySteps.location_permission_is_granted()&amp#27;[0m
  &amp#27;[32mWhen &amp#27;[0m&amp#27;[32mthe user enters valid credentials&amp#27;[0m      &amp#27;[90m# apptests.LoginSteps.the_user_enters_valid_credentials()&amp#27;[0m
  &amp#27;[32mAnd &amp#27;[0m&amp#27;[32mtaps the login button&amp#27;[0m                   &amp#27;[90m# apptests.LoginSteps.taps_the_login_button()&amp#27;[0m
✔ Login test completed.
  &amp#27;[32mThen &amp#27;[0m&amp#27;[32mthe user should be logged in&amp#27;[0m           &amp#27;[90m# apptests.LoginSteps.the_user_should_be_logged_in()&amp#27;[0m
--- Driver session closed ---
]]></system-out>
  </testcase>
  <testcase name="Successful signup with valid credentials" classname="User Sign Up" time="58.532">
    <system-out><![CDATA[
Scenario: Successful signup with valid credentials &amp#27;[90m# features/SignUp.feature:3&amp#27;[0m
  &amp#27;[32mGiven &amp#27;[0m&amp#27;[32mlocation permission is granted&amp#27;[0m             &amp#27;[90m# apptests.AddBeneficiarySteps.location_permission_is_granted()&amp#27;[0m
  &amp#27;[32mWhen &amp#27;[0m&amp#27;[32mthe user navigates to sign up&amp#27;[0m               &amp#27;[90m# apptests.SignUpSteps.the_user_navigates_to_sign_up()&amp#27;[0m
  &amp#27;[32mAnd &amp#27;[0m&amp#27;[32menters new user information&amp#27;[0m                  &amp#27;[90m# apptests.SignUpSteps.enters_new_user_information()&amp#27;[0m
  &amp#27;[32mAnd &amp#27;[0m&amp#27;[32msubmits the signup form&amp#27;[0m                      &amp#27;[90m# apptests.SignUpSteps.submits_the_signup_form()&amp#27;[0m
  &amp#27;[32mAnd &amp#27;[0m&amp#27;[32mtaps the sign up button&amp#27;[0m                      &amp#27;[90m# apptests.SignUpSteps.taps_the_sign_up_button()&amp#27;[0m
✔ Sign up test completed, confirmation shown.
  &amp#27;[32mThen &amp#27;[0m&amp#27;[32ma confirmation message should be displayed&amp#27;[0m  &amp#27;[90m# apptests.SignUpSteps.a_confirmation_message_should_be_displayed()&amp#27;[0m
--- Driver session closed ---
]]></system-out>
  </testcase>
</testsuite>